<?xml version="1.0" encoding="UTF-8"?>
<!-- Generated by org.testng.reporters.JUnitReportReporter -->
<testsuite hostname="hadoop04" name="javateam2.LRUMapTest" tests="16" failures="0" timestamp="15 Dec 2011 01:20:03 GMT" time="6.021" errors="0">
  <testcase name="testResize3" time="0.000" classname="javateam2.LRUMapTest"/>
  <testcase name="testDiscardWithTime" time="1.001" classname="javateam2.LRUMapTest"/>
  <testcase name="testGetNull" time="0.001" classname="javateam2.LRUMapTest"/>
  <testcase name="testResize" time="0.001" classname="javateam2.LRUMapTest"/>
  <testcase name="testDiscardWithTime3" time="3.001" classname="javateam2.LRUMapTest"/>
  <testcase name="testResize2" time="0.001" classname="javateam2.LRUMapTest"/>
  <testcase name="testConstructorType1" time="0.000" classname="javateam2.LRUMapTest"/>
  <testcase name="testConstructorSize" time="0.000" classname="javateam2.LRUMapTest"/>
  <testcase name="testConstructorType2" time="0.001" classname="javateam2.LRUMapTest"/>
  <testcase name="testSize" time="0.000" classname="javateam2.LRUMapTest"/>
  <testcase name="testPut" time="0.001" classname="javateam2.LRUMapTest"/>
  <testcase name="testGetNull2" time="0.001" classname="javateam2.LRUMapTest"/>
  <testcase name="testSize3" time="0.000" classname="javateam2.LRUMapTest"/>
  <testcase name="testPutSameKey" time="0.001" classname="javateam2.LRUMapTest"/>
  <testcase name="testDiscardWithTime2" time="2.001" classname="javateam2.LRUMapTest"/>
  <testcase name="testConstructorException" time="0.011" classname="javateam2.LRUMapTest"/>
</testsuite>
