<?xml version="1.0" encoding="UTF-8"?>
<!-- Generated by org.testng.reporters.JUnitReportReporter -->
<testsuite hostname="hadoop04" name="javateam2.AppTest" tests="1" failures="0" timestamp="2 Nov 2011 07:16:43 GMT" time="0.015" errors="0">
  <testcase name="testApp" time="0.015" classname="javateam2.AppTest"/>
</testsuite>
